#
# There is insufficient memory for the Java Runtime Environment to continue.
# Native memory allocation (malloc) failed to allocate 215376 bytes for Chunk::new
# Possible reasons:
#   The system is out of physical RAM or swap space
#   The process is running with CompressedOops enabled, and the Java Heap may be blocking the growth of the native heap
# Possible solutions:
#   Reduce memory load on the system
#   Increase physical memory or swap space
#   Check if swap backing store is full
#   Decrease Java heap size (-Xmx/-Xms)
#   Decrease number of Java threads
#   Decrease Java thread stack sizes (-Xss)
#   Set larger code cache with -XX:ReservedCodeCacheSize=
#   JVM is running with Unscaled Compressed Oops mode in which the Java heap is
#     placed in the first 4GB address space. The Java Heap base address is the
#     maximum limit for the native heap growth. Please use -XX:HeapBaseMinAddress
#     to set the Java Heap base and to place the Java Heap above 4GB virtual address.
# This output file may be truncated or incomplete.
#
#  Out of Memory Error (arena.cpp:189), pid=26916, tid=13984
#
# JRE version: OpenJDK Runtime Environment (17.0+35) (build 17+35-2724)
# Java VM: OpenJDK 64-Bit Server VM (17+35-2724, mixed mode, sharing, tiered, compressed oops, compressed class ptrs, g1 gc, windows-amd64)
# No core dump will be written. Minidumps are not enabled by default on client versions of Windows
#

---------------  S U M M A R Y ------------

Command Line: --add-opens=java.base/java.util=ALL-UNNAMED --add-opens=java.base/java.lang=ALL-UNNAMED --add-opens=java.base/java.lang.invoke=ALL-UNNAMED --add-opens=java.prefs/java.util.prefs=ALL-UNNAMED --add-opens=java.base/java.nio.charset=ALL-UNNAMED --add-opens=java.base/java.net=ALL-UNNAMED --add-opens=java.base/java.util.concurrent.atomic=ALL-UNNAMED -Xmx2048m -Dfile.encoding=UTF-8 -Duser.country=US -Duser.language=en -Duser.variant org.gradle.launcher.daemon.bootstrap.GradleDaemon 8.0

Host: Intel(R) Core(TM) i5-10300H CPU @ 2.50GHz, 8 cores, 7G,  Windows 10 , 64 bit Build 22621 (10.0.22621.1635)
Time: Mon Jun 12 22:01:10 2023 SE Asia Standard Time elapsed time: 22.075265 seconds (0d 0h 0m 22s)

---------------  T H R E A D  ---------------

Current thread (0x00000219e3e28760):  JavaThread "C2 CompilerThread0" daemon [_thread_in_native, id=13984, stack(0x000000ad2ac00000,0x000000ad2ad00000)]


Current CompileTask:
C2:  22075 4930       4       java.io.WinNTFileSystem::normalize (224 bytes)

Stack: [0x000000ad2ac00000,0x000000ad2ad00000]
Native frames: (J=compiled Java code, j=interpreted, Vv=VM code, C=native code)
V  [jvm.dll+0x66f8ea]
V  [jvm.dll+0x7ce224]
V  [jvm.dll+0x7cf9ce]
V  [jvm.dll+0x7d0033]
V  [jvm.dll+0x242bb5]
V  [jvm.dll+0xaa05b]
V  [jvm.dll+0xaa5ec]
V  [jvm.dll+0x2a954f]
V  [jvm.dll+0x5784b9]
V  [jvm.dll+0x21de2d]
V  [jvm.dll+0x21e20f]
V  [jvm.dll+0x217ada]
V  [jvm.dll+0x214fb5]
V  [jvm.dll+0x1a168d]
V  [jvm.dll+0x2248f8]
V  [jvm.dll+0x222a5c]
V  [jvm.dll+0x78422b]
V  [jvm.dll+0x77e7ea]
V  [jvm.dll+0x66e715]
C  [ucrtbase.dll+0x29363]
C  [KERNEL32.DLL+0x126ad]
C  [ntdll.dll+0x5a9f8]


---------------  P R O C E S S  ---------------

Threads class SMR info:
_java_thread_list=0x00000219e6fd4d00, length=40, elements={
0x00000219c5d1ca30, 0x00000219e3e10630, 0x00000219e3e111e0, 0x00000219e3e21a50,
0x00000219e3e24610, 0x00000219e3e270d0, 0x00000219e3e27a80, 0x00000219e3e28760,
0x00000219e3e29610, 0x00000219e3e2a000, 0x00000219e48a9520, 0x00000219e48afa10,
0x00000219e62f3540, 0x00000219e60c7e60, 0x00000219e60c7990, 0x00000219e60c74c0,
0x00000219e60c6650, 0x00000219e60c8330, 0x00000219e60c9670, 0x00000219e60c8800,
0x00000219e60c8cd0, 0x00000219e60c91a0, 0x00000219e60c9b40, 0x00000219e60c6180,
0x00000219e60c6b20, 0x00000219e60c6ff0, 0x00000219e70703a0, 0x00000219e706f060,
0x00000219e706fed0, 0x00000219e7072080, 0x00000219e7074bd0, 0x00000219e7072ef0,
0x00000219e7070870, 0x00000219e7072550, 0x00000219e70716e0, 0x00000219e7075570,
0x00000219e70750a0, 0x00000219e7075a40, 0x00000219e7071bb0, 0x00000219e70768b0
}

Java Threads: ( => current thread )
  0x00000219c5d1ca30 JavaThread "main" [_thread_blocked, id=27444, stack(0x000000ad29f00000,0x000000ad2a000000)]
  0x00000219e3e10630 JavaThread "Reference Handler" daemon [_thread_blocked, id=16772, stack(0x000000ad2a600000,0x000000ad2a700000)]
  0x00000219e3e111e0 JavaThread "Finalizer" daemon [_thread_blocked, id=17980, stack(0x000000ad2a700000,0x000000ad2a800000)]
  0x00000219e3e21a50 JavaThread "Signal Dispatcher" daemon [_thread_blocked, id=11380, stack(0x000000ad2a800000,0x000000ad2a900000)]
  0x00000219e3e24610 JavaThread "Attach Listener" daemon [_thread_blocked, id=10140, stack(0x000000ad2a900000,0x000000ad2aa00000)]
  0x00000219e3e270d0 JavaThread "Service Thread" daemon [_thread_blocked, id=5464, stack(0x000000ad2aa00000,0x000000ad2ab00000)]
  0x00000219e3e27a80 JavaThread "Monitor Deflation Thread" daemon [_thread_blocked, id=3104, stack(0x000000ad2ab00000,0x000000ad2ac00000)]
=>0x00000219e3e28760 JavaThread "C2 CompilerThread0" daemon [_thread_in_native, id=13984, stack(0x000000ad2ac00000,0x000000ad2ad00000)]
  0x00000219e3e29610 JavaThread "C1 CompilerThread0" daemon [_thread_blocked, id=10508, stack(0x000000ad2ad00000,0x000000ad2ae00000)]
  0x00000219e3e2a000 JavaThread "Sweeper thread" daemon [_thread_blocked, id=28432, stack(0x000000ad2ae00000,0x000000ad2af00000)]
  0x00000219e48a9520 JavaThread "Common-Cleaner" daemon [_thread_blocked, id=8904, stack(0x000000ad2af00000,0x000000ad2b000000)]
  0x00000219e48afa10 JavaThread "Notification Thread" daemon [_thread_blocked, id=14660, stack(0x000000ad2b000000,0x000000ad2b100000)]
  0x00000219e62f3540 JavaThread "Daemon health stats" [_thread_blocked, id=17232, stack(0x000000ad2b700000,0x000000ad2b800000)]
  0x00000219e60c7e60 JavaThread "Incoming local TCP Connector on port 61757" [_thread_in_native, id=27004, stack(0x000000ad2b800000,0x000000ad2b900000)]
  0x00000219e60c7990 JavaThread "Daemon periodic checks" [_thread_blocked, id=21560, stack(0x000000ad2b900000,0x000000ad2ba00000)]
  0x00000219e60c74c0 JavaThread "Daemon" [_thread_blocked, id=16568, stack(0x000000ad2ba00000,0x000000ad2bb00000)]
  0x00000219e60c6650 JavaThread "Handler for socket connection from /127.0.0.1:61757 to /127.0.0.1:61758" [_thread_in_native, id=22600, stack(0x000000ad2bb00000,0x000000ad2bc00000)]
  0x00000219e60c8330 JavaThread "Cancel handler" [_thread_blocked, id=1664, stack(0x000000ad2bc00000,0x000000ad2bd00000)]
  0x00000219e60c9670 JavaThread "Daemon worker" [_thread_in_native, id=8404, stack(0x000000ad2bd00000,0x000000ad2be00000)]
  0x00000219e60c8800 JavaThread "Asynchronous log dispatcher for DefaultDaemonConnection: socket connection from /127.0.0.1:61757 to /127.0.0.1:61758" [_thread_blocked, id=12000, stack(0x000000ad2be00000,0x000000ad2bf00000)]
  0x00000219e60c8cd0 JavaThread "Stdin handler" [_thread_blocked, id=10852, stack(0x000000ad2bf00000,0x000000ad2c000000)]
  0x00000219e60c91a0 JavaThread "Daemon client event forwarder" [_thread_blocked, id=25412, stack(0x000000ad2c000000,0x000000ad2c100000)]
  0x00000219e60c9b40 JavaThread "Cache worker for journal cache (C:\Users\Zufarrifqi\.gradle\caches\journal-1)" [_thread_blocked, id=27440, stack(0x000000ad2c100000,0x000000ad2c200000)]
  0x00000219e60c6180 JavaThread "File lock request listener" [_thread_in_native, id=26960, stack(0x000000ad2c200000,0x000000ad2c300000)]
  0x00000219e60c6b20 JavaThread "Cache worker for file hash cache (C:\Users\Zufarrifqi\.gradle\caches\8.0\fileHashes)" [_thread_blocked, id=8128, stack(0x000000ad2c300000,0x000000ad2c400000)]
  0x00000219e60c6ff0 JavaThread "File watcher server" daemon [_thread_in_native, id=16008, stack(0x000000ad2c800000,0x000000ad2c900000)]
  0x00000219e70703a0 JavaThread "File watcher consumer" daemon [_thread_blocked, id=3720, stack(0x000000ad2c900000,0x000000ad2ca00000)]
  0x00000219e706f060 JavaThread "Cache worker for checksums cache (C:\Users\Zufarrifqi\Downloads\Nutripal\.gradle\8.0\checksums)" [_thread_blocked, id=9176, stack(0x000000ad2ca00000,0x000000ad2cb00000)]
  0x00000219e706fed0 JavaThread "Cache worker for cache directory md-rule (C:\Users\Zufarrifqi\.gradle\caches\8.0\md-rule)" [_thread_blocked, id=21988, stack(0x000000ad2cb00000,0x000000ad2cc00000)]
  0x00000219e7072080 JavaThread "Cache worker for file content cache (C:\Users\Zufarrifqi\.gradle\caches\8.0\fileContent)" [_thread_blocked, id=27700, stack(0x000000ad2cc00000,0x000000ad2cd00000)]
  0x00000219e7074bd0 JavaThread "Cache worker for file hash cache (C:\Users\Zufarrifqi\Downloads\Nutripal\.gradle\8.0\fileHashes)" [_thread_blocked, id=18576, stack(0x000000ad2cd00000,0x000000ad2ce00000)]
  0x00000219e7072ef0 JavaThread "Cache worker for cache directory md-supplier (C:\Users\Zufarrifqi\.gradle\caches\8.0\md-supplier)" [_thread_blocked, id=27344, stack(0x000000ad2cf00000,0x000000ad2d000000)]
  0x00000219e7070870 JavaThread "Cache worker for execution history cache (C:\Users\Zufarrifqi\.gradle\caches\8.0\executionHistory)" [_thread_blocked, id=26732, stack(0x000000ad2d000000,0x000000ad2d100000)]
  0x00000219e7072550 JavaThread "jar transforms" [_thread_blocked, id=15992, stack(0x000000ad2d100000,0x000000ad2d200000)]
  0x00000219e70716e0 JavaThread "jar transforms Thread 2" [_thread_blocked, id=27664, stack(0x000000ad2d200000,0x000000ad2d300000)]
  0x00000219e7075570 JavaThread "jar transforms Thread 3" [_thread_blocked, id=15612, stack(0x000000ad2d300000,0x000000ad2d400000)]
  0x00000219e70750a0 JavaThread "jar transforms Thread 4" [_thread_blocked, id=5928, stack(0x000000ad2d400000,0x000000ad2d500000)]
  0x00000219e7075a40 JavaThread "Cache worker for dependencies-accessors (C:\Users\Zufarrifqi\Downloads\Nutripal\.gradle\8.0\dependencies-accessors)" [_thread_blocked, id=17692, stack(0x000000ad2d500000,0x000000ad2d600000)]
  0x00000219e7071bb0 JavaThread "jar transforms Thread 5" [_thread_blocked, id=25072, stack(0x000000ad2d600000,0x000000ad2d700000)]
  0x00000219e70768b0 JavaThread "Cache worker for Build Output Cleanup Cache (C:\Users\Zufarrifqi\Downloads\Nutripal\.gradle\buildOutputCleanup)" [_thread_blocked, id=6240, stack(0x000000ad2c400000,0x000000ad2c500000)]

Other Threads:
  0x00000219e3e0b3f0 VMThread "VM Thread" [stack: 0x000000ad2a500000,0x000000ad2a600000] [id=13328]
  0x00000219e48a71f0 WatcherThread [stack: 0x000000ad2b100000,0x000000ad2b200000] [id=5976]
  0x00000219c5d5bef0 GCTaskThread "GC Thread#0" [stack: 0x000000ad2a000000,0x000000ad2a100000] [id=27888]
  0x00000219e49096a0 GCTaskThread "GC Thread#1" [stack: 0x000000ad2b200000,0x000000ad2b300000] [id=3428]
  0x00000219e54ac590 GCTaskThread "GC Thread#2" [stack: 0x000000ad2b300000,0x000000ad2b400000] [id=14328]
  0x00000219e54258b0 GCTaskThread "GC Thread#3" [stack: 0x000000ad2b400000,0x000000ad2b500000] [id=29152]
  0x00000219e538c7d0 GCTaskThread "GC Thread#4" [stack: 0x000000ad2b600000,0x000000ad2b700000] [id=16676]
  0x00000219e70dfeb0 GCTaskThread "GC Thread#5" [stack: 0x000000ad2c500000,0x000000ad2c600000] [id=27072]
  0x00000219e5c838e0 GCTaskThread "GC Thread#6" [stack: 0x000000ad2c600000,0x000000ad2c700000] [id=13760]
  0x00000219e65c6180 GCTaskThread "GC Thread#7" [stack: 0x000000ad2c700000,0x000000ad2c800000] [id=29572]
  0x00000219c5d6ce30 ConcurrentGCThread "G1 Main Marker" [stack: 0x000000ad2a100000,0x000000ad2a200000] [id=5580]
  0x00000219c5d6e850 ConcurrentGCThread "G1 Conc#0" [stack: 0x000000ad2a200000,0x000000ad2a300000] [id=22260]
  0x00000219e65c6c40 ConcurrentGCThread "G1 Conc#1" [stack: 0x000000ad2ce00000,0x000000ad2cf00000] [id=13860]
  0x00000219e3cd0090 ConcurrentGCThread "G1 Refine#0" [stack: 0x000000ad2a300000,0x000000ad2a400000] [id=1684]
  0x00000219e54af890 ConcurrentGCThread "G1 Refine#1" [stack: 0x000000ad2b500000,0x000000ad2b600000] [id=10804]
  0x00000219e3cd0c10 ConcurrentGCThread "G1 Service" [stack: 0x000000ad2a400000,0x000000ad2a500000] [id=23912]

Threads with active compile tasks:
C2 CompilerThread0    22128 4930       4       java.io.WinNTFileSystem::normalize (224 bytes)

VM state: not at safepoint (normal execution)

VM Mutex/Monitor currently owned by a thread: None

Heap address: 0x0000000080000000, size: 2048 MB, Compressed Oops mode: 32-bit

CDS archive(s) mapped at: [0x0000000800000000-0x0000000800bc0000-0x0000000800bc0000), size 12320768, SharedBaseAddress: 0x0000000800000000, ArchiveRelocationMode: 0.
Compressed class space mapped at: 0x0000000800c00000-0x0000000840c00000, reserved size: 1073741824
Narrow klass base: 0x0000000800000000, Narrow klass shift: 0, Narrow klass range: 0x100000000

GC Precious Log:
 CPUs: 8 total, 8 available
 Memory: 8059M
 Large Page Support: Disabled
 NUMA Support: Disabled
 Compressed Oops: Enabled (32-bit)
 Heap Region Size: 1M
 Heap Min Capacity: 8M
 Heap Initial Capacity: 126M
 Heap Max Capacity: 2G
 Pre-touch: Disabled
 Parallel Workers: 8
 Concurrent Workers: 2
 Concurrent Refinement Workers: 8
 Periodic GC: Disabled

Heap:
 garbage-first heap   total 81920K, used 50187K [0x0000000080000000, 0x0000000100000000)
  region size 1024K, 18 young (18432K), 3 survivors (3072K)
 Metaspace       used 40290K, committed 40704K, reserved 1089536K
  class space    used 5578K, committed 5760K, reserved 1048576K

Heap Regions: E=young(eden), S=young(survivor), O=old, HS=humongous(starts), HC=humongous(continues), CS=collection set, F=free, OA=open archive, CA=closed archive, TAMS=top-at-mark-start (previous, next)
|   0|0x0000000080000000, 0x0000000080100000, 0x0000000080100000|100%|HS|  |TAMS 0x0000000080100000, 0x0000000080000000| Complete 
|   1|0x0000000080100000, 0x0000000080200000, 0x0000000080200000|100%|HC|  |TAMS 0x0000000080200000, 0x0000000080100000| Complete 
|   2|0x0000000080200000, 0x0000000080300000, 0x0000000080300000|100%|HC|  |TAMS 0x0000000080300000, 0x0000000080200000| Complete 
|   3|0x0000000080300000, 0x0000000080400000, 0x0000000080400000|100%|HC|  |TAMS 0x0000000080400000, 0x0000000080300000| Complete 
|   4|0x0000000080400000, 0x0000000080500000, 0x0000000080500000|100%| O|  |TAMS 0x0000000080500000, 0x0000000080400000| Untracked 
|   5|0x0000000080500000, 0x0000000080600000, 0x0000000080600000|100%| O|  |TAMS 0x0000000080600000, 0x0000000080500000| Untracked 
|   6|0x0000000080600000, 0x0000000080700000, 0x0000000080700000|100%| O|  |TAMS 0x0000000080700000, 0x0000000080600000| Untracked 
|   7|0x0000000080700000, 0x0000000080800000, 0x0000000080800000|100%| O|  |TAMS 0x0000000080800000, 0x0000000080700000| Untracked 
|   8|0x0000000080800000, 0x0000000080900000, 0x0000000080900000|100%| O|  |TAMS 0x0000000080900000, 0x0000000080800000| Untracked 
|   9|0x0000000080900000, 0x0000000080a00000, 0x0000000080a00000|100%| O|  |TAMS 0x0000000080a00000, 0x0000000080900000| Untracked 
|  10|0x0000000080a00000, 0x0000000080b00000, 0x0000000080b00000|100%| O|  |TAMS 0x0000000080b00000, 0x0000000080a00000| Untracked 
|  11|0x0000000080b00000, 0x0000000080c00000, 0x0000000080c00000|100%| O|  |TAMS 0x0000000080c00000, 0x0000000080b00000| Untracked 
|  12|0x0000000080c00000, 0x0000000080d00000, 0x0000000080d00000|100%| O|  |TAMS 0x0000000080d00000, 0x0000000080c00000| Untracked 
|  13|0x0000000080d00000, 0x0000000080e00000, 0x0000000080e00000|100%| O|  |TAMS 0x0000000080e00000, 0x0000000080d00000| Untracked 
|  14|0x0000000080e00000, 0x0000000080f00000, 0x0000000080f00000|100%| O|  |TAMS 0x0000000080f00000, 0x0000000080e00000| Untracked 
|  15|0x0000000080f00000, 0x0000000081000000, 0x0000000081000000|100%| O|  |TAMS 0x0000000081000000, 0x0000000080f00000| Untracked 
|  16|0x0000000081000000, 0x0000000081100000, 0x0000000081100000|100%| O|  |TAMS 0x0000000081100000, 0x0000000081000000| Untracked 
|  17|0x0000000081100000, 0x0000000081200000, 0x0000000081200000|100%| O|  |TAMS 0x0000000081200000, 0x0000000081100000| Untracked 
|  18|0x0000000081200000, 0x0000000081300000, 0x0000000081300000|100%| O|  |TAMS 0x0000000081300000, 0x0000000081200000| Untracked 
|  19|0x0000000081300000, 0x0000000081300000, 0x0000000081400000|  0%| F|  |TAMS 0x0000000081300000, 0x0000000081300000| Untracked 
|  20|0x0000000081400000, 0x0000000081500000, 0x0000000081500000|100%| O|  |TAMS 0x0000000081500000, 0x0000000081400000| Untracked 
|  21|0x0000000081500000, 0x0000000081600000, 0x0000000081600000|100%| O|  |TAMS 0x0000000081600000, 0x0000000081500000| Untracked 
|  22|0x0000000081600000, 0x0000000081700000, 0x0000000081700000|100%| O|  |TAMS 0x0000000081700000, 0x0000000081600000| Untracked 
|  23|0x0000000081700000, 0x0000000081800000, 0x0000000081800000|100%| O|  |TAMS 0x0000000081800000, 0x0000000081700000| Untracked 
|  24|0x0000000081800000, 0x0000000081900000, 0x0000000081900000|100%| O|  |TAMS 0x0000000081900000, 0x0000000081800000| Untracked 
|  25|0x0000000081900000, 0x0000000081a00000, 0x0000000081a00000|100%| O|  |TAMS 0x0000000081a00000, 0x0000000081900000| Untracked 
|  26|0x0000000081a00000, 0x0000000081b00000, 0x0000000081b00000|100%| O|  |TAMS 0x0000000081b00000, 0x0000000081a00000| Untracked 
|  27|0x0000000081b00000, 0x0000000081c00000, 0x0000000081c00000|100%| O|  |TAMS 0x0000000081c00000, 0x0000000081b00000| Untracked 
|  28|0x0000000081c00000, 0x0000000081d00000, 0x0000000081d00000|100%| O|  |TAMS 0x0000000081d00000, 0x0000000081c00000| Untracked 
|  29|0x0000000081d00000, 0x0000000081e00000, 0x0000000081e00000|100%| O|  |TAMS 0x0000000081d87800, 0x0000000081d00000| Untracked 
|  30|0x0000000081e00000, 0x0000000081f00000, 0x0000000081f00000|100%| O|  |TAMS 0x0000000081e00000, 0x0000000081e00000| Untracked 
|  31|0x0000000081f00000, 0x0000000081fe5200, 0x0000000082000000| 89%| O|  |TAMS 0x0000000081f00000, 0x0000000081f00000| Untracked 
|  32|0x0000000082000000, 0x0000000082100000, 0x0000000082100000|100%| O|  |TAMS 0x0000000082100000, 0x0000000082000000| Untracked 
|  33|0x0000000082100000, 0x0000000082200000, 0x0000000082200000|100%| O|  |TAMS 0x0000000082200000, 0x0000000082100000| Untracked 
|  34|0x0000000082200000, 0x0000000082200000, 0x0000000082300000|  0%| F|  |TAMS 0x0000000082200000, 0x0000000082200000| Untracked 
|  35|0x0000000082300000, 0x0000000082300000, 0x0000000082400000|  0%| F|  |TAMS 0x0000000082300000, 0x0000000082300000| Untracked 
|  36|0x0000000082400000, 0x0000000082400000, 0x0000000082500000|  0%| F|  |TAMS 0x0000000082400000, 0x0000000082400000| Untracked 
|  37|0x0000000082500000, 0x0000000082500000, 0x0000000082600000|  0%| F|  |TAMS 0x0000000082500000, 0x0000000082500000| Untracked 
|  38|0x0000000082600000, 0x0000000082600000, 0x0000000082700000|  0%| F|  |TAMS 0x0000000082600000, 0x0000000082600000| Untracked 
|  39|0x0000000082700000, 0x0000000082700000, 0x0000000082800000|  0%| F|  |TAMS 0x0000000082700000, 0x0000000082700000| Untracked 
|  40|0x0000000082800000, 0x0000000082800000, 0x0000000082900000|  0%| F|  |TAMS 0x0000000082800000, 0x0000000082800000| Untracked 
|  41|0x0000000082900000, 0x0000000082900000, 0x0000000082a00000|  0%| F|  |TAMS 0x0000000082900000, 0x0000000082900000| Untracked 
|  42|0x0000000082a00000, 0x0000000082a00000, 0x0000000082b00000|  0%| F|  |TAMS 0x0000000082a00000, 0x0000000082a00000| Untracked 
|  43|0x0000000082b00000, 0x0000000082b00000, 0x0000000082c00000|  0%| F|  |TAMS 0x0000000082b00000, 0x0000000082b00000| Untracked 
|  44|0x0000000082c00000, 0x0000000082c00000, 0x0000000082d00000|  0%| F|  |TAMS 0x0000000082c00000, 0x0000000082c00000| Untracked 
|  45|0x0000000082d00000, 0x0000000082d00000, 0x0000000082e00000|  0%| F|  |TAMS 0x0000000082d00000, 0x0000000082d00000| Untracked 
|  46|0x0000000082e00000, 0x0000000082e00000, 0x0000000082f00000|  0%| F|  |TAMS 0x0000000082e00000, 0x0000000082e00000| Untracked 
|  47|0x0000000082f00000, 0x0000000082f1db70, 0x0000000083000000| 11%| S|CS|TAMS 0x0000000082f00000, 0x0000000082f00000| Complete 
|  48|0x0000000083000000, 0x0000000083000000, 0x0000000083100000|  0%| F|  |TAMS 0x0000000083000000, 0x0000000083000000| Untracked 
|  49|0x0000000083100000, 0x0000000083100000, 0x0000000083200000|  0%| F|  |TAMS 0x0000000083100000, 0x0000000083100000| Untracked 
|  50|0x0000000083200000, 0x0000000083200000, 0x0000000083300000|  0%| F|  |TAMS 0x0000000083200000, 0x0000000083200000| Untracked 
|  51|0x0000000083300000, 0x0000000083400000, 0x0000000083400000|100%| S|CS|TAMS 0x0000000083300000, 0x0000000083300000| Complete 
|  52|0x0000000083400000, 0x0000000083500000, 0x0000000083500000|100%| S|CS|TAMS 0x0000000083400000, 0x0000000083400000| Complete 
|  53|0x0000000083500000, 0x0000000083500000, 0x0000000083600000|  0%| F|  |TAMS 0x0000000083500000, 0x0000000083500000| Untracked 
|  54|0x0000000083600000, 0x0000000083600000, 0x0000000083700000|  0%| F|  |TAMS 0x0000000083600000, 0x0000000083600000| Untracked 
|  55|0x0000000083700000, 0x0000000083700000, 0x0000000083800000|  0%| F|  |TAMS 0x0000000083700000, 0x0000000083700000| Untracked 
|  56|0x0000000083800000, 0x0000000083800000, 0x0000000083900000|  0%| F|  |TAMS 0x0000000083800000, 0x0000000083800000| Untracked 
|  57|0x0000000083900000, 0x0000000083900000, 0x0000000083a00000|  0%| F|  |TAMS 0x0000000083900000, 0x0000000083900000| Untracked 
|  58|0x0000000083a00000, 0x0000000083a00000, 0x0000000083b00000|  0%| F|  |TAMS 0x0000000083a00000, 0x0000000083a00000| Untracked 
|  59|0x0000000083b00000, 0x0000000083b00000, 0x0000000083c00000|  0%| F|  |TAMS 0x0000000083b00000, 0x0000000083b00000| Untracked 
|  60|0x0000000083c00000, 0x0000000083c00000, 0x0000000083d00000|  0%| F|  |TAMS 0x0000000083c00000, 0x0000000083c00000| Untracked 
|  61|0x0000000083d00000, 0x0000000083d00000, 0x0000000083e00000|  0%| F|  |TAMS 0x0000000083d00000, 0x0000000083d00000| Untracked 
|  62|0x0000000083e00000, 0x0000000083e00000, 0x0000000083f00000|  0%| F|  |TAMS 0x0000000083e00000, 0x0000000083e00000| Untracked 
|  63|0x0000000083f00000, 0x0000000083f00000, 0x0000000084000000|  0%| F|  |TAMS 0x0000000083f00000, 0x0000000083f00000| Untracked 
|  64|0x0000000084000000, 0x0000000084000000, 0x0000000084100000|  0%| F|  |TAMS 0x0000000084000000, 0x0000000084000000| Untracked 
|  65|0x0000000084100000, 0x0000000084184190, 0x0000000084200000| 51%| E|  |TAMS 0x0000000084100000, 0x0000000084100000| Complete 
|  66|0x0000000084200000, 0x0000000084300000, 0x0000000084300000|100%| E|CS|TAMS 0x0000000084200000, 0x0000000084200000| Complete 
|  67|0x0000000084300000, 0x0000000084400000, 0x0000000084400000|100%| E|CS|TAMS 0x0000000084300000, 0x0000000084300000| Complete 
|  68|0x0000000084400000, 0x0000000084500000, 0x0000000084500000|100%| E|CS|TAMS 0x0000000084400000, 0x0000000084400000| Complete 
|  69|0x0000000084500000, 0x0000000084600000, 0x0000000084600000|100%| E|CS|TAMS 0x0000000084500000, 0x0000000084500000| Complete 
|  70|0x0000000084600000, 0x0000000084700000, 0x0000000084700000|100%| E|CS|TAMS 0x0000000084600000, 0x0000000084600000| Complete 
|  71|0x0000000084700000, 0x0000000084800000, 0x0000000084800000|100%| E|CS|TAMS 0x0000000084700000, 0x0000000084700000| Complete 
|  72|0x0000000084800000, 0x0000000084900000, 0x0000000084900000|100%| E|CS|TAMS 0x0000000084800000, 0x0000000084800000| Complete 
|  73|0x0000000084900000, 0x0000000084a00000, 0x0000000084a00000|100%| E|CS|TAMS 0x0000000084900000, 0x0000000084900000| Complete 
|  74|0x0000000084a00000, 0x0000000084b00000, 0x0000000084b00000|100%| E|CS|TAMS 0x0000000084a00000, 0x0000000084a00000| Complete 
|  75|0x0000000084b00000, 0x0000000084c00000, 0x0000000084c00000|100%| E|CS|TAMS 0x0000000084b00000, 0x0000000084b00000| Complete 
|  87|0x0000000085700000, 0x0000000085800000, 0x0000000085800000|100%| E|CS|TAMS 0x0000000085700000, 0x0000000085700000| Complete 
|  88|0x0000000085800000, 0x0000000085900000, 0x0000000085900000|100%| E|CS|TAMS 0x0000000085800000, 0x0000000085800000| Complete 
|  89|0x0000000085900000, 0x0000000085a00000, 0x0000000085a00000|100%| E|CS|TAMS 0x0000000085900000, 0x0000000085900000| Complete 
| 125|0x0000000087d00000, 0x0000000087e00000, 0x0000000087e00000|100%| E|CS|TAMS 0x0000000087d00000, 0x0000000087d00000| Complete 

Card table byte_map: [0x00000219dcc40000,0x00000219dd040000] _byte_map_base: 0x00000219dc840000

Marking Bits (Prev, Next): (CMBitMap*) 0x00000219c5d5c540, (CMBitMap*) 0x00000219c5d5c500
 Prev Bits: [0x00000219df440000, 0x00000219e1440000)
 Next Bits: [0x00000219dd440000, 0x00000219df440000)

Polling page: 0x00000219c3c90000

Metaspace:

Usage:
  Non-class:     33.90 MB used.
      Class:      5.45 MB used.
       Both:     39.35 MB used.

Virtual space:
  Non-class space:       40.00 MB reserved,      34.12 MB ( 85%) committed,  5 nodes.
      Class space:        1.00 GB reserved,       5.62 MB ( <1%) committed,  1 nodes.
             Both:        1.04 GB reserved,      39.75 MB (  4%) committed. 

Chunk freelists:
   Non-Class:  1.77 MB
       Class:  2.33 MB
        Both:  4.09 MB

MaxMetaspaceSize: unlimited
CompressedClassSpaceSize: 1.00 GB
Initial GC threshold: 21.00 MB
Current GC threshold: 64.19 MB
CDS: on
MetaspaceReclaimPolicy: balanced
 - commit_granule_bytes: 65536.
 - commit_granule_words: 8192.
 - virtual_space_node_default_size: 1048576.
 - enlarge_chunks_in_place: 1.
 - new_chunks_are_fully_committed: 0.
 - uncommit_free_chunks: 1.
 - use_allocation_guard: 0.
 - handle_deallocations: 1.


Internal statistics:

num_allocs_failed_limit: 9.
num_arena_births: 458.
num_arena_deaths: 0.
num_vsnodes_births: 6.
num_vsnodes_deaths: 0.
num_space_committed: 636.
num_space_uncommitted: 0.
num_chunks_returned_to_freelist: 9.
num_chunks_taken_from_freelist: 1974.
num_chunk_merges: 9.
num_chunk_splits: 1325.
num_chunks_enlarged: 912.
num_purges: 0.
num_inconsistent_stats: 0.

CodeHeap 'non-profiled nmethods': size=120000Kb used=2877Kb max_used=2877Kb free=117122Kb
 bounds [0x00000219d4fe0000, 0x00000219d52b0000, 0x00000219dc510000]
CodeHeap 'profiled nmethods': size=120000Kb used=9912Kb max_used=9912Kb free=110087Kb
 bounds [0x00000219cdab0000, 0x00000219ce460000, 0x00000219d4fe0000]
CodeHeap 'non-nmethods': size=5760Kb used=2306Kb max_used=2384Kb free=3453Kb
 bounds [0x00000219cd510000, 0x00000219cd780000, 0x00000219cdab0000]
 total_blobs=5728 nmethods=4908 adapters=732
 compilation: enabled
              stopped_count=0, restarted_count=0
 full_count=0

Compilation events (20 events):
Event: 21.893 Thread 0x00000219e3e29610 nmethod 4920 0x00000219ce454f90 code [0x00000219ce455140, 0x00000219ce4553e8]
Event: 21.899 Thread 0x00000219e3e29610 4921       3       java.lang.invoke.DirectMethodHandle$Holder::invokeStatic (14 bytes)
Event: 21.899 Thread 0x00000219e3e29610 nmethod 4921 0x00000219ce455510 code [0x00000219ce4556e0, 0x00000219ce455bf8]
Event: 21.899 Thread 0x00000219e3e29610 4922       3       java.lang.invoke.DirectMethodHandle$Holder::invokeStatic (17 bytes)
Event: 21.899 Thread 0x00000219e3e29610 nmethod 4922 0x00000219ce455d10 code [0x00000219ce455ee0, 0x00000219ce456398]
Event: 21.899 Thread 0x00000219e3e29610 4923       1       javax.management.ObjectName::getCanonicalName (5 bytes)
Event: 21.899 Thread 0x00000219e3e29610 nmethod 4923 0x00000219d52af290 code [0x00000219d52af420, 0x00000219d52af4f8]
Event: 21.931 Thread 0x00000219e3e29610 4924       3       com.esotericsoftware.kryo.io.Input::readString (127 bytes)
Event: 21.932 Thread 0x00000219e3e29610 nmethod 4924 0x00000219ce456490 code [0x00000219ce4566a0, 0x00000219ce456c98]
Event: 21.933 Thread 0x00000219e3e29610 4925       3       org.gradle.internal.serialize.AbstractDecoder::<init> (5 bytes)
Event: 21.933 Thread 0x00000219e3e29610 nmethod 4925 0x00000219ce456e90 code [0x00000219ce457020, 0x00000219ce457178]
Event: 21.950 Thread 0x00000219e3e29610 4926       3       java.io.BufferedInputStream::fill (203 bytes)
Event: 21.950 Thread 0x00000219e3e29610 nmethod 4926 0x00000219ce457210 code [0x00000219ce457480, 0x00000219ce4580e8]
Event: 22.049 Thread 0x00000219e3e29610 4927       3       org.gradle.internal.serialize.kryo.KryoBackedDecoder::<init> (9 bytes)
Event: 22.049 Thread 0x00000219e3e29610 nmethod 4927 0x00000219ce458410 code [0x00000219ce4585a0, 0x00000219ce4586e8]
Event: 22.049 Thread 0x00000219e3e29610 4928       3       org.gradle.internal.serialize.kryo.KryoBackedDecoder::<init> (26 bytes)
Event: 22.050 Thread 0x00000219e3e29610 nmethod 4928 0x00000219ce458790 code [0x00000219ce458980, 0x00000219ce459168]
Event: 22.050 Thread 0x00000219e3e29610 4929       3       com.esotericsoftware.kryo.io.Input::<init> (25 bytes)
Event: 22.050 Thread 0x00000219e3e29610 nmethod 4929 0x00000219ce459410 code [0x00000219ce4595e0, 0x00000219ce459b68]
Event: 22.051 Thread 0x00000219e3e28760 4930       4       java.io.WinNTFileSystem::normalize (224 bytes)

GC Heap History (18 events):
Event: 3.305 GC heap before
{Heap before GC invocations=0 (full 0):
 garbage-first heap   total 129024K, used 26624K [0x0000000080000000, 0x0000000100000000)
  region size 1024K, 23 young (23552K), 0 survivors (0K)
 Metaspace       used 3009K, committed 3136K, reserved 1056768K
  class space    used 380K, committed 448K, reserved 1048576K
}
Event: 3.386 GC heap after
{Heap after GC invocations=1 (full 0):
 garbage-first heap   total 129024K, used 10480K [0x0000000080000000, 0x0000000100000000)
  region size 1024K, 3 young (3072K), 3 survivors (3072K)
 Metaspace       used 3009K, committed 3136K, reserved 1056768K
  class space    used 380K, committed 448K, reserved 1048576K
}
Event: 5.376 GC heap before
{Heap before GC invocations=1 (full 0):
 garbage-first heap   total 129024K, used 37104K [0x0000000080000000, 0x0000000100000000)
  region size 1024K, 29 young (29696K), 3 survivors (3072K)
 Metaspace       used 3901K, committed 4096K, reserved 1056768K
  class space    used 476K, committed 576K, reserved 1048576K
}
Event: 5.380 GC heap after
{Heap after GC invocations=2 (full 0):
 garbage-first heap   total 129024K, used 11015K [0x0000000080000000, 0x0000000100000000)
  region size 1024K, 1 young (1024K), 1 survivors (1024K)
 Metaspace       used 3901K, committed 4096K, reserved 1056768K
  class space    used 476K, committed 576K, reserved 1048576K
}
Event: 11.072 GC heap before
{Heap before GC invocations=2 (full 0):
 garbage-first heap   total 129024K, used 87815K [0x0000000080000000, 0x0000000100000000)
  region size 1024K, 75 young (76800K), 1 survivors (1024K)
 Metaspace       used 16020K, committed 16384K, reserved 1064960K
  class space    used 2329K, committed 2496K, reserved 1048576K
}
Event: 11.087 GC heap after
{Heap after GC invocations=3 (full 0):
 garbage-first heap   total 129024K, used 19726K [0x0000000080000000, 0x0000000100000000)
  region size 1024K, 10 young (10240K), 10 survivors (10240K)
 Metaspace       used 16020K, committed 16384K, reserved 1064960K
  class space    used 2329K, committed 2496K, reserved 1048576K
}
Event: 12.121 GC heap before
{Heap before GC invocations=3 (full 0):
 garbage-first heap   total 129024K, used 55566K [0x0000000080000000, 0x0000000100000000)
  region size 1024K, 46 young (47104K), 10 survivors (10240K)
 Metaspace       used 21155K, committed 21504K, reserved 1073152K
  class space    used 3153K, committed 3264K, reserved 1048576K
}
Event: 12.132 GC heap after
{Heap after GC invocations=4 (full 0):
 garbage-first heap   total 129024K, used 22457K [0x0000000080000000, 0x0000000100000000)
  region size 1024K, 3 young (3072K), 3 survivors (3072K)
 Metaspace       used 21155K, committed 21504K, reserved 1073152K
  class space    used 3153K, committed 3264K, reserved 1048576K
}
Event: 13.905 GC heap before
{Heap before GC invocations=5 (full 0):
 garbage-first heap   total 81920K, used 67513K [0x0000000080000000, 0x0000000100000000)
  region size 1024K, 48 young (49152K), 3 survivors (3072K)
 Metaspace       used 29974K, committed 30336K, reserved 1081344K
  class space    used 4237K, committed 4416K, reserved 1048576K
}
Event: 13.914 GC heap after
{Heap after GC invocations=6 (full 0):
 garbage-first heap   total 81920K, used 27329K [0x0000000080000000, 0x0000000100000000)
  region size 1024K, 6 young (6144K), 6 survivors (6144K)
 Metaspace       used 29974K, committed 30336K, reserved 1081344K
  class space    used 4237K, committed 4416K, reserved 1048576K
}
Event: 13.918 GC heap before
{Heap before GC invocations=6 (full 0):
 garbage-first heap   total 81920K, used 28353K [0x0000000080000000, 0x0000000100000000)
  region size 1024K, 7 young (7168K), 6 survivors (6144K)
 Metaspace       used 29975K, committed 30336K, reserved 1081344K
  class space    used 4237K, committed 4416K, reserved 1048576K
}
Event: 13.926 GC heap after
{Heap after GC invocations=7 (full 0):
 garbage-first heap   total 81920K, used 28022K [0x0000000080000000, 0x0000000100000000)
  region size 1024K, 1 young (1024K), 1 survivors (1024K)
 Metaspace       used 29975K, committed 30336K, reserved 1081344K
  class space    used 4237K, committed 4416K, reserved 1048576K
}
Event: 14.566 GC heap before
{Heap before GC invocations=7 (full 0):
 garbage-first heap   total 81920K, used 62838K [0x0000000080000000, 0x0000000100000000)
  region size 1024K, 33 young (33792K), 1 survivors (1024K)
 Metaspace       used 32112K, committed 32512K, reserved 1081344K
  class space    used 4436K, committed 4608K, reserved 1048576K
}
Event: 14.579 GC heap after
{Heap after GC invocations=8 (full 0):
 garbage-first heap   total 81920K, used 31353K [0x0000000080000000, 0x0000000100000000)
  region size 1024K, 4 young (4096K), 4 survivors (4096K)
 Metaspace       used 32112K, committed 32512K, reserved 1081344K
  class space    used 4436K, committed 4608K, reserved 1048576K
}
Event: 15.754 GC heap before
{Heap before GC invocations=8 (full 0):
 garbage-first heap   total 81920K, used 60025K [0x0000000080000000, 0x0000000100000000)
  region size 1024K, 33 young (33792K), 4 survivors (4096K)
 Metaspace       used 35606K, committed 35968K, reserved 1081344K
  class space    used 4945K, committed 5120K, reserved 1048576K
}
Event: 15.760 GC heap after
{Heap after GC invocations=9 (full 0):
 garbage-first heap   total 81920K, used 34733K [0x0000000080000000, 0x0000000100000000)
  region size 1024K, 3 young (3072K), 3 survivors (3072K)
 Metaspace       used 35606K, committed 35968K, reserved 1081344K
  class space    used 4945K, committed 5120K, reserved 1048576K
}
Event: 18.386 GC heap before
{Heap before GC invocations=10 (full 0):
 garbage-first heap   total 81920K, used 61357K [0x0000000080000000, 0x0000000100000000)
  region size 1024K, 30 young (30720K), 3 survivors (3072K)
 Metaspace       used 38937K, committed 39360K, reserved 1089536K
  class space    used 5384K, committed 5568K, reserved 1048576K
}
Event: 18.390 GC heap after
{Heap after GC invocations=11 (full 0):
 garbage-first heap   total 81920K, used 35851K [0x0000000080000000, 0x0000000100000000)
  region size 1024K, 3 young (3072K), 3 survivors (3072K)
 Metaspace       used 38937K, committed 39360K, reserved 1089536K
  class space    used 5384K, committed 5568K, reserved 1048576K
}

Deoptimization events (20 events):
Event: 17.068 Thread 0x00000219e60c9670 DEOPT PACKING pc=0x00000219d50020cc sp=0x000000ad2bdf8820
Event: 17.068 Thread 0x00000219e60c9670 DEOPT UNPACKING pc=0x00000219cd5623a3 sp=0x000000ad2bdf87d0 mode 2
Event: 19.021 Thread 0x00000219e60c9670 Uncommon trap: trap_request=0xffffff45 fr.pc=0x00000219d50e7fd8 relative=0x0000000000007a78
Event: 19.021 Thread 0x00000219e60c9670 Uncommon trap: reason=unstable_if action=reinterpret pc=0x00000219d50e7fd8 method=jdk.internal.org.objectweb.asm.Frame.execute(IILjdk/internal/org/objectweb/asm/Symbol;Ljdk/internal/org/objectweb/asm/SymbolTable;)V @ 1 c2
Event: 19.021 Thread 0x00000219e60c9670 DEOPT PACKING pc=0x00000219d50e7fd8 sp=0x000000ad2bdf7740
Event: 19.021 Thread 0x00000219e60c9670 DEOPT UNPACKING pc=0x00000219cd5623a3 sp=0x000000ad2bdf76f8 mode 2
Event: 19.027 Thread 0x00000219e60c9670 Uncommon trap: trap_request=0xffffff45 fr.pc=0x00000219d516ceb4 relative=0x00000000000004d4
Event: 19.027 Thread 0x00000219e60c9670 Uncommon trap: reason=unstable_if action=reinterpret pc=0x00000219d516ceb4 method=jdk.internal.org.objectweb.asm.MethodWriter.visitVarInsn(II)V @ 230 c2
Event: 19.027 Thread 0x00000219e60c9670 DEOPT PACKING pc=0x00000219d516ceb4 sp=0x000000ad2bdf7870
Event: 19.027 Thread 0x00000219e60c9670 DEOPT UNPACKING pc=0x00000219cd5623a3 sp=0x000000ad2bdf7830 mode 2
Event: 20.029 Thread 0x00000219e60c9670 Uncommon trap: trap_request=0xffffffcc fr.pc=0x00000219d528b688 relative=0x0000000000000368
Event: 20.029 Thread 0x00000219e60c9670 Uncommon trap: reason=intrinsic_or_type_checked_inlining action=make_not_entrant pc=0x00000219d528b688 method=java.util.Arrays.copyOf([Ljava/lang/Object;ILjava/lang/Class;)[Ljava/lang/Object; @ 35 c2
Event: 20.029 Thread 0x00000219e60c9670 DEOPT PACKING pc=0x00000219d528b688 sp=0x000000ad2bdf83c0
Event: 20.030 Thread 0x00000219e60c9670 DEOPT UNPACKING pc=0x00000219cd5623a3 sp=0x000000ad2bdf8350 mode 2
Event: 21.862 Thread 0x00000219e60c9670 Uncommon trap: trap_request=0xffffff45 fr.pc=0x00000219d52adb8c relative=0x0000000000000c8c
Event: 21.862 Thread 0x00000219e60c9670 Uncommon trap: reason=unstable_if action=reinterpret pc=0x00000219d52adb8c method=com.esotericsoftware.kryo.io.Input.readUtf8Length(I)I @ 9 c2
Event: 21.862 Thread 0x00000219e60c9670 DEOPT PACKING pc=0x00000219d52adb8c sp=0x000000ad2bdf82a0
Event: 21.862 Thread 0x00000219e60c9670 DEOPT UNPACKING pc=0x00000219cd5623a3 sp=0x000000ad2bdf81f8 mode 2
Event: 22.052 Thread 0x00000219e60c9670 DEOPT PACKING pc=0x00000219cdb5d84b sp=0x000000ad2bdf7fd0
Event: 22.052 Thread 0x00000219e60c9670 DEOPT UNPACKING pc=0x00000219cd562b43 sp=0x000000ad2bdf74f0 mode 0

Classes unloaded (0 events):
No events

Classes redefined (0 events):
No events

Internal exceptions (20 events):
Event: 16.914 Thread 0x00000219e60c9670 Exception <a 'java/lang/ClassNotFoundException'{0x0000000084332590}: org/gradle/plugin/use/internal/PluginRequestCollector$PluginDependenciesSpecImplCustomizer> (0x0000000084332590) 
thrown [t:\workspace\open\src\hotspot\share\classfile\systemDictionary.cpp, line 256]
Event: 16.920 Thread 0x00000219e60c9670 Exception <a 'java/lang/ClassNotFoundException'{0x0000000084368f68}: org/gradle/plugin/use/internal/PluginRequestCollector$PluginDependencySpecImplBeanInfo> (0x0000000084368f68) 
thrown [t:\workspace\open\src\hotspot\share\classfile\systemDictionary.cpp, line 256]
Event: 16.932 Thread 0x00000219e60c9670 Exception <a 'java/lang/ClassNotFoundException'{0x0000000084379608}: org/gradle/plugin/use/internal/PluginRequestCollector$PluginDependencySpecImplCustomizer> (0x0000000084379608) 
thrown [t:\workspace\open\src\hotspot\share\classfile\systemDictionary.cpp, line 256]
Event: 17.462 Thread 0x00000219e60c9670 Exception <a 'java/lang/NoSuchMethodError'{0x0000000083f2a220}: 'java.lang.Object java.lang.invoke.DirectMethodHandle$Holder.newInvokeSpecial(java.lang.Object, int, java.lang.Object)'> (0x0000000083f2a220) 
thrown [t:\workspace\open\src\hotspot\share\interpreter\linkResolver.cpp, line 766]
Event: 18.522 Thread 0x00000219e60c9670 Exception <a 'java/lang/NoSuchMethodError'{0x00000000859d9e98}: 'int java.lang.invoke.DirectMethodHandle$Holder.invokeStatic(java.lang.Object)'> (0x00000000859d9e98) 
thrown [t:\workspace\open\src\hotspot\share\interpreter\linkResolver.cpp, line 766]
Event: 18.523 Thread 0x00000219e60c9670 Exception <a 'java/lang/NoSuchMethodError'{0x00000000859de288}: 'int java.lang.invoke.DirectMethodHandle$Holder.invokeStaticInit(java.lang.Object)'> (0x00000000859de288) 
thrown [t:\workspace\open\src\hotspot\share\interpreter\linkResolver.cpp, line 766]
Event: 18.542 Thread 0x00000219e60c9670 Exception <a 'java/lang/NoSuchMethodError'{0x0000000085852830}: 'java.lang.Object java.lang.invoke.DirectMethodHandle$Holder.newInvokeSpecial(java.lang.Object, java.lang.Object, java.lang.Object, java.lang.Object, java.lang.Object, int)'> (0x0000000085852830) 
thrown [t:\workspace\open\src\hotspot\share\interpreter\linkResolver.cpp, line 766]
Event: 18.543 Thread 0x00000219e60c9670 Exception <a 'java/lang/NoSuchMethodError'{0x0000000085857be0}: 'java.lang.Object java.lang.invoke.DirectMethodHandle$Holder.invokeSpecial(java.lang.Object, java.lang.Object, java.lang.Object, java.lang.Object, java.lang.Object, java.lang.Object, int)'> (0x0000000085857be0) 
thrown [t:\workspace\open\src\hotspot\share\interpreter\linkResolver.cpp, line 766]
Event: 18.602 Thread 0x00000219e60c9670 Exception <a 'java/lang/NoSuchMethodError'{0x0000000085732be0}: 'void java.lang.invoke.DirectMethodHandle$Holder.invokeStatic(java.lang.Object, java.lang.Object, java.lang.Object, int, java.lang.Object)'> (0x0000000085732be0) 
thrown [t:\workspace\open\src\hotspot\share\interpreter\linkResolver.cpp, line 766]
Event: 19.012 Thread 0x00000219e60c9670 Exception <a 'java/lang/NoSuchMethodError'{0x0000000084a99a08}: 'java.lang.Object java.lang.invoke.DelegatingMethodHandle$Holder.reinvoke_L(java.lang.Object, java.lang.Object, java.lang.Object, java.lang.Object, java.lang.Object, java.lang.Object, java.lang.Object, java.lang.Object, java.lang.Object, java.lang.Object, java.lang.Object, java.lang.Object, java.lang.Object, java.lang.Object, java.lang.Object, java.lang.Object, java.lang.Object, java.lang.Object, java.lang.Object, java.lang.Object, java.lang.O
Event: 19.013 Thread 0x00000219e60c9670 Exception <a 'java/lang/NoSuchMethodError'{0x0000000084aa5728}: 'java.lang.Object java.lang.invoke.Invokers$Holder.invoker(java.lang.Object, java.lang.Object, java.lang.Object, java.lang.Object, java.lang.Object, java.lang.Object, java.lang.Object, java.lang.Object, java.lang.Object, java.lang.Object, java.lang.Object, java.lang.Object, java.lang.Object, java.lang.Object, java.lang.Object, java.lang.Object, java.lang.Object, java.lang.Object, java.lang.Object, java.lang.Object, java.lang.Object)'> (0x00000
Event: 19.013 Thread 0x00000219e60c9670 Exception <a 'java/lang/NoSuchMethodError'{0x0000000084aac6b0}: 'java.lang.Object java.lang.invoke.DelegatingMethodHandle$Holder.delegate(java.lang.Object, java.lang.Object, java.lang.Object, java.lang.Object, java.lang.Object, java.lang.Object, java.lang.Object, java.lang.Object, java.lang.Object, java.lang.Object, java.lang.Object, java.lang.Object, java.lang.Object, java.lang.Object, java.lang.Object, java.lang.Object, java.lang.Object, java.lang.Object, java.lang.Object, java.lang.Object, java.lang.Obj
Event: 19.029 Thread 0x00000219e60c9670 Exception <a 'java/lang/NoSuchMethodError'{0x000000008491cf40}: 'java.lang.Object java.lang.invoke.DirectMethodHandle$Holder.invokeStatic(java.lang.Object, java.lang.Object, java.lang.Object, java.lang.Object, java.lang.Object, java.lang.Object, java.lang.Object, java.lang.Object, java.lang.Object, java.lang.Object, java.lang.Object, java.lang.Object, java.lang.Object, java.lang.Object, java.lang.Object, java.lang.Object, java.lang.Object)'> (0x000000008491cf40) 
thrown [t:\workspace\open\src\hotspot\share
Event: 19.039 Thread 0x00000219e60c9670 Exception <a 'java/lang/NoSuchMethodError'{0x00000000849450e8}: 'java.lang.Object java.lang.invoke.DirectMethodHandle$Holder.invokeStatic(java.lang.Object, java.lang.Object, java.lang.Object, java.lang.Object, java.lang.Object, java.lang.Object, java.lang.Object, java.lang.Object, java.lang.Object, java.lang.Object, java.lang.Object, java.lang.Object, java.lang.Object, java.lang.Object, java.lang.Object, java.lang.Object, java.lang.Object, java.lang.Object)'> (0x00000000849450e8) 
thrown [t:\workspace\open
Event: 19.056 Thread 0x00000219e60c9670 Exception <a 'java/lang/NoSuchMethodError'{0x000000008496dc80}: 'java.lang.Object java.lang.invoke.DirectMethodHandle$Holder.invokeStatic(java.lang.Object, java.lang.Object, java.lang.Object, java.lang.Object, java.lang.Object, java.lang.Object, java.lang.Object, java.lang.Object, java.lang.Object, java.lang.Object, java.lang.Object, java.lang.Object, java.lang.Object, java.lang.Object, java.lang.Object, java.lang.Object, java.lang.Object, java.lang.Object, java.lang.Object)'> (0x000000008496dc80) 
thrown 
Event: 19.072 Thread 0x00000219e60c9670 Exception <a 'java/lang/NoSuchMethodError'{0x0000000084997d20}: 'java.lang.Object java.lang.invoke.DirectMethodHandle$Holder.invokeStatic(java.lang.Object, java.lang.Object, java.lang.Object, java.lang.Object, java.lang.Object, java.lang.Object, java.lang.Object, java.lang.Object, java.lang.Object, java.lang.Object, java.lang.Object, java.lang.Object, java.lang.Object, java.lang.Object, java.lang.Object, java.lang.Object, java.lang.Object, java.lang.Object, java.lang.Object, java.lang.Object)'> (0x00000000
Event: 19.076 Thread 0x00000219e60c9670 Exception <a 'java/lang/NoSuchMethodError'{0x00000000849c2bd8}: 'java.lang.Object java.lang.invoke.DirectMethodHandle$Holder.invokeStatic(java.lang.Object, java.lang.Object, java.lang.Object, java.lang.Object, java.lang.Object, java.lang.Object, java.lang.Object, java.lang.Object, java.lang.Object, java.lang.Object, java.lang.Object, java.lang.Object, java.lang.Object, java.lang.Object, java.lang.Object, java.lang.Object, java.lang.Object, java.lang.Object, java.lang.Object, java.lang.Object, java.lang.Obj
Event: 19.094 Thread 0x00000219e60c9670 Exception <a 'java/lang/NoSuchMethodError'{0x00000000849ee430}: 'java.lang.Object java.lang.invoke.DirectMethodHandle$Holder.invokeStatic(java.lang.Object, java.lang.Object, java.lang.Object, java.lang.Object, java.lang.Object, java.lang.Object, java.lang.Object, java.lang.Object, java.lang.Object, java.lang.Object, java.lang.Object, java.lang.Object, java.lang.Object, java.lang.Object, java.lang.Object, java.lang.Object, java.lang.Object, java.lang.Object, java.lang.Object, java.lang.Object, java.lang.Obj
Event: 19.098 Thread 0x00000219e60c9670 Exception <a 'java/lang/NoSuchMethodError'{0x000000008481bd48}: 'java.lang.Object java.lang.invoke.DirectMethodHandle$Holder.invokeStatic(java.lang.Object, java.lang.Object, java.lang.Object, java.lang.Object, java.lang.Object, java.lang.Object, java.lang.Object, java.lang.Object, java.lang.Object, java.lang.Object, java.lang.Object, java.lang.Object, java.lang.Object, java.lang.Object, java.lang.Object, java.lang.Object, java.lang.Object, java.lang.Object, java.lang.Object, java.lang.Object, java.lang.Obj
Event: 19.101 Thread 0x00000219e60c9670 Exception <a 'java/lang/NoSuchMethodError'{0x000000008484a928}: 'java.lang.Object java.lang.invoke.DirectMethodHandle$Holder.invokeStatic(java.lang.Object, java.lang.Object, java.lang.Object, java.lang.Object, java.lang.Object, java.lang.Object, java.lang.Object, java.lang.Object, java.lang.Object, java.lang.Object, java.lang.Object, java.lang.Object, java.lang.Object, java.lang.Object, java.lang.Object, java.lang.Object, java.lang.Object, java.lang.Object, java.lang.Object, java.lang.Object, java.lang.Obj

VM Operations (20 events):
Event: 16.579 Executing VM operation: HandshakeAllThreads
Event: 16.579 Executing VM operation: HandshakeAllThreads done
Event: 16.581 Executing VM operation: HandshakeAllThreads
Event: 16.581 Executing VM operation: HandshakeAllThreads done
Event: 17.401 Executing VM operation: ICBufferFull
Event: 17.402 Executing VM operation: ICBufferFull done
Event: 18.285 Executing VM operation: HandshakeAllThreads
Event: 18.285 Executing VM operation: HandshakeAllThreads done
Event: 18.386 Executing VM operation: G1CollectForAllocation
Event: 18.390 Executing VM operation: G1CollectForAllocation done
Event: 18.419 Executing VM operation: G1Concurrent
Event: 18.421 Executing VM operation: G1Concurrent done
Event: 18.434 Executing VM operation: G1Concurrent
Event: 18.435 Executing VM operation: G1Concurrent done
Event: 19.449 Executing VM operation: Cleanup
Event: 19.449 Executing VM operation: Cleanup done
Event: 20.456 Executing VM operation: Cleanup
Event: 20.456 Executing VM operation: Cleanup done
Event: 21.463 Executing VM operation: Cleanup
Event: 21.463 Executing VM operation: Cleanup done

Events (20 events):
Event: 18.247 loading class java/util/concurrent/LinkedBlockingDeque$Itr done
Event: 18.906 Thread 0x00000219e70768b0 Thread added: 0x00000219e70768b0
Event: 19.021 loading class java/lang/invoke/BoundMethodHandle$Species_LLLLLLLLLLLLLL
Event: 19.021 loading class java/lang/invoke/BoundMethodHandle$Species_LLLLLLLLLLLLLL done
Event: 19.035 loading class java/lang/invoke/BoundMethodHandle$Species_LLLLLLLLLLLLLLL
Event: 19.035 loading class java/lang/invoke/BoundMethodHandle$Species_LLLLLLLLLLLLLLL done
Event: 19.049 loading class java/lang/invoke/BoundMethodHandle$Species_LLLLLLLLLLLLLLLL
Event: 19.049 loading class java/lang/invoke/BoundMethodHandle$Species_LLLLLLLLLLLLLLLL done
Event: 19.068 loading class java/lang/invoke/BoundMethodHandle$Species_LLLLLLLLLLLLLLLLL
Event: 19.068 loading class java/lang/invoke/BoundMethodHandle$Species_LLLLLLLLLLLLLLLLL done
Event: 19.074 loading class java/lang/invoke/BoundMethodHandle$Species_LLLLLLLLLLLLLLLLLL
Event: 19.074 loading class java/lang/invoke/BoundMethodHandle$Species_LLLLLLLLLLLLLLLLLL done
Event: 19.082 loading class java/lang/invoke/BoundMethodHandle$Species_LLLLLLLLLLLLLLLLLLL
Event: 19.082 loading class java/lang/invoke/BoundMethodHandle$Species_LLLLLLLLLLLLLLLLLLL done
Event: 19.096 loading class java/lang/invoke/BoundMethodHandle$Species_LLLLLLLLLLLLLLLLLLLL
Event: 19.096 loading class java/lang/invoke/BoundMethodHandle$Species_LLLLLLLLLLLLLLLLLLLL done
Event: 19.099 loading class java/lang/invoke/BoundMethodHandle$Species_LLLLLLLLLLLLLLLLLLLLL
Event: 19.099 loading class java/lang/invoke/BoundMethodHandle$Species_LLLLLLLLLLLLLLLLLLLLL done
Event: 19.642 loading class java/util/Collections$2
Event: 19.643 loading class java/util/Collections$2 done


Dynamic libraries:
0x00007ff63dd90000 - 0x00007ff63dd9e000 	C:\Users\Zufarrifqi\.jdks\openjdk-17\bin\java.exe
0x00007ff942330000 - 0x00007ff942544000 	C:\WINDOWS\SYSTEM32\ntdll.dll
0x00007ff940890000 - 0x00007ff940952000 	C:\WINDOWS\System32\KERNEL32.DLL
0x00007ff93fb20000 - 0x00007ff93fec3000 	C:\WINDOWS\System32\KERNELBASE.dll
0x00007ff93f750000 - 0x00007ff93f861000 	C:\WINDOWS\System32\ucrtbase.dll
0x00007ff926e00000 - 0x00007ff926e18000 	C:\Users\Zufarrifqi\.jdks\openjdk-17\bin\jli.dll
0x00007ff9412e0000 - 0x00007ff94148b000 	C:\WINDOWS\System32\USER32.dll
0x00007ff93f870000 - 0x00007ff93f896000 	C:\WINDOWS\System32\win32u.dll
0x00007ff941fa0000 - 0x00007ff941fc9000 	C:\WINDOWS\System32\GDI32.dll
0x00007ff93fa00000 - 0x00007ff93fb18000 	C:\WINDOWS\System32\gdi32full.dll
0x00007ff93f960000 - 0x00007ff93f9fa000 	C:\WINDOWS\System32\msvcp_win.dll
0x00007ff926910000 - 0x00007ff92692a000 	C:\Users\Zufarrifqi\.jdks\openjdk-17\bin\VCRUNTIME140.dll
0x00007ff927c00000 - 0x00007ff927e8e000 	C:\WINDOWS\WinSxS\amd64_microsoft.windows.common-controls_6595b64144ccf1df_6.0.22621.1635_none_270f70857386168e\COMCTL32.dll
0x00007ff941230000 - 0x00007ff9412d7000 	C:\WINDOWS\System32\msvcrt.dll
0x00007ff940230000 - 0x00007ff940261000 	C:\WINDOWS\System32\IMM32.DLL
0x00007ff937f70000 - 0x00007ff937f7c000 	C:\Users\Zufarrifqi\.jdks\openjdk-17\bin\vcruntime140_1.dll
0x00007ff904850000 - 0x00007ff9048dd000 	C:\Users\Zufarrifqi\.jdks\openjdk-17\bin\msvcp140.dll
0x00007ff8d1270000 - 0x00007ff8d1e2e000 	C:\Users\Zufarrifqi\.jdks\openjdk-17\bin\server\jvm.dll
0x00007ff940d60000 - 0x00007ff940e0e000 	C:\WINDOWS\System32\ADVAPI32.dll
0x00007ff941ee0000 - 0x00007ff941f84000 	C:\WINDOWS\System32\sechost.dll
0x00007ff941010000 - 0x00007ff941127000 	C:\WINDOWS\System32\RPCRT4.dll
0x00007ff940cf0000 - 0x00007ff940cf8000 	C:\WINDOWS\System32\PSAPI.DLL
0x00007ff908bf0000 - 0x00007ff908bf9000 	C:\WINDOWS\SYSTEM32\WSOCK32.dll
0x00007ff941130000 - 0x00007ff9411a1000 	C:\WINDOWS\System32\WS2_32.dll
0x00007ff9375e0000 - 0x00007ff937614000 	C:\WINDOWS\SYSTEM32\WINMM.dll
0x00007ff937c50000 - 0x00007ff937c5a000 	C:\WINDOWS\SYSTEM32\VERSION.dll
0x00007ff93e890000 - 0x00007ff93e8a8000 	C:\WINDOWS\SYSTEM32\kernel.appcore.dll
0x00007ff92bb00000 - 0x00007ff92bb0a000 	C:\Users\Zufarrifqi\.jdks\openjdk-17\bin\jimage.dll
0x00007ff93d140000 - 0x00007ff93d36e000 	C:\WINDOWS\SYSTEM32\DBGHELP.DLL
0x00007ff940960000 - 0x00007ff940ce9000 	C:\WINDOWS\System32\combase.dll
0x00007ff940f30000 - 0x00007ff941007000 	C:\WINDOWS\System32\OLEAUT32.dll
0x00007ff92ade0000 - 0x00007ff92ae12000 	C:\WINDOWS\SYSTEM32\dbgcore.DLL
0x00007ff93ff40000 - 0x00007ff93ffbb000 	C:\WINDOWS\System32\bcryptPrimitives.dll
0x00007ff915820000 - 0x00007ff915845000 	C:\Users\Zufarrifqi\.jdks\openjdk-17\bin\java.dll
0x00007ff8f9a50000 - 0x00007ff8f9b26000 	C:\Users\Zufarrifqi\.jdks\openjdk-17\bin\svml.dll
0x00007ff941680000 - 0x00007ff941e7a000 	C:\WINDOWS\System32\SHELL32.dll
0x00007ff93d760000 - 0x00007ff93e02e000 	C:\WINDOWS\SYSTEM32\windows.storage.dll
0x00007ff93d620000 - 0x00007ff93d75e000 	C:\WINDOWS\SYSTEM32\wintypes.dll
0x00007ff940130000 - 0x00007ff940221000 	C:\WINDOWS\System32\SHCORE.dll
0x00007ff942240000 - 0x00007ff94229e000 	C:\WINDOWS\System32\shlwapi.dll
0x00007ff93f680000 - 0x00007ff93f6a1000 	C:\WINDOWS\SYSTEM32\profapi.dll
0x00007ff9150e0000 - 0x00007ff9150f9000 	C:\Users\Zufarrifqi\.jdks\openjdk-17\bin\net.dll
0x00007ff936c40000 - 0x00007ff936d77000 	C:\WINDOWS\SYSTEM32\WINHTTP.dll
0x00007ff93ed00000 - 0x00007ff93ed69000 	C:\WINDOWS\system32\mswsock.dll
0x00007ff914d10000 - 0x00007ff914d25000 	C:\Users\Zufarrifqi\.jdks\openjdk-17\bin\nio.dll
0x00007ff914c80000 - 0x00007ff914c98000 	C:\Users\Zufarrifqi\.jdks\openjdk-17\bin\zip.dll
0x00007ff9292e0000 - 0x00007ff9292f0000 	C:\Users\Zufarrifqi\.jdks\openjdk-17\bin\verify.dll
0x00007ff913800000 - 0x00007ff913827000 	C:\Users\Zufarrifqi\.gradle\native\68d5fa5c4cc2d200863cafc0d521ce42e7d3e7ee720ec0a83991735586a16f82\windows-amd64\native-platform.dll
0x00007ff8ece60000 - 0x00007ff8ecfa4000 	C:\Users\Zufarrifqi\.gradle\native\e376f236ea51e6404a007f0833ffe2c6e607c4080706a723a18a27aeea778392\windows-amd64\native-platform-file-events.dll
0x00007ff9291f0000 - 0x00007ff9291f9000 	C:\Users\Zufarrifqi\.jdks\openjdk-17\bin\management.dll
0x00007ff928af0000 - 0x00007ff928afb000 	C:\Users\Zufarrifqi\.jdks\openjdk-17\bin\management_ext.dll
0x00007ff93ef60000 - 0x00007ff93ef7b000 	C:\WINDOWS\SYSTEM32\CRYPTSP.dll
0x00007ff93e800000 - 0x00007ff93e835000 	C:\WINDOWS\system32\rsaenh.dll
0x00007ff93ee00000 - 0x00007ff93ee28000 	C:\WINDOWS\SYSTEM32\USERENV.dll
0x00007ff93f120000 - 0x00007ff93f148000 	C:\WINDOWS\SYSTEM32\bcrypt.dll
0x00007ff93ef80000 - 0x00007ff93ef8c000 	C:\WINDOWS\SYSTEM32\CRYPTBASE.dll
0x00007ff93e300000 - 0x00007ff93e32d000 	C:\WINDOWS\SYSTEM32\IPHLPAPI.DLL
0x00007ff941620000 - 0x00007ff941629000 	C:\WINDOWS\System32\NSI.dll
0x00007ff936b00000 - 0x00007ff936b19000 	C:\WINDOWS\SYSTEM32\dhcpcsvc6.DLL
0x00007ff936ae0000 - 0x00007ff936aff000 	C:\WINDOWS\SYSTEM32\dhcpcsvc.DLL
0x00007ff93e330000 - 0x00007ff93e423000 	C:\WINDOWS\SYSTEM32\DNSAPI.dll
0x00007ff919bf0000 - 0x00007ff919bfe000 	C:\Users\Zufarrifqi\.jdks\openjdk-17\bin\sunmscapi.dll
0x00007ff93ffc0000 - 0x00007ff940127000 	C:\WINDOWS\System32\CRYPT32.dll
0x00007ff93f0f0000 - 0x00007ff93f11e000 	C:\WINDOWS\SYSTEM32\ncrypt.dll
0x00007ff93f0b0000 - 0x00007ff93f0e7000 	C:\WINDOWS\SYSTEM32\NTASN1.dll
0x00007ff918fb0000 - 0x00007ff918fb8000 	C:\WINDOWS\system32\wshunix.dll

dbghelp: loaded successfully - version: 4.0.5 - missing functions: none
symbol engine: initialized successfully - sym options: 0x614 - pdb path: .;C:\Users\Zufarrifqi\.jdks\openjdk-17\bin;C:\WINDOWS\SYSTEM32;C:\WINDOWS\WinSxS\amd64_microsoft.windows.common-controls_6595b64144ccf1df_6.0.22621.1635_none_270f70857386168e;C:\Users\Zufarrifqi\.jdks\openjdk-17\bin\server;C:\Users\Zufarrifqi\.gradle\native\68d5fa5c4cc2d200863cafc0d521ce42e7d3e7ee720ec0a83991735586a16f82\windows-amd64;C:\Users\Zufarrifqi\.gradle\native\e376f236ea51e6404a007f0833ffe2c6e607c4080706a723a18a27aeea778392\windows-amd64

VM Arguments:
jvm_args: --add-opens=java.base/java.util=ALL-UNNAMED --add-opens=java.base/java.lang=ALL-UNNAMED --add-opens=java.base/java.lang.invoke=ALL-UNNAMED --add-opens=java.prefs/java.util.prefs=ALL-UNNAMED --add-opens=java.base/java.nio.charset=ALL-UNNAMED --add-opens=java.base/java.net=ALL-UNNAMED --add-opens=java.base/java.util.concurrent.atomic=ALL-UNNAMED -Xmx2048m -Dfile.encoding=UTF-8 -Duser.country=US -Duser.language=en -Duser.variant 
java_command: org.gradle.launcher.daemon.bootstrap.GradleDaemon 8.0
java_class_path (initial): C:\Users\Zufarrifqi\.gradle\wrapper\dists\gradle-8.0-bin\ca5e32bp14vu59qr306oxotwh\gradle-8.0\lib\gradle-launcher-8.0.jar
Launcher Type: SUN_STANDARD

[Global flags]
     intx CICompilerCount                          = 4                                         {product} {ergonomic}
     uint ConcGCThreads                            = 2                                         {product} {ergonomic}
     uint G1ConcRefinementThreads                  = 8                                         {product} {ergonomic}
   size_t G1HeapRegionSize                         = 1048576                                   {product} {ergonomic}
    uintx GCDrainStackTargetSize                   = 64                                        {product} {ergonomic}
   size_t InitialHeapSize                          = 132120576                                 {product} {ergonomic}
   size_t MarkStackSize                            = 4194304                                   {product} {ergonomic}
   size_t MaxHeapSize                              = 2147483648                                {product} {command line}
   size_t MaxNewSize                               = 1287651328                                {product} {ergonomic}
   size_t MinHeapDeltaBytes                        = 1048576                                   {product} {ergonomic}
   size_t MinHeapSize                              = 8388608                                   {product} {ergonomic}
    uintx NonNMethodCodeHeapSize                   = 5839372                                {pd product} {ergonomic}
    uintx NonProfiledCodeHeapSize                  = 122909434                              {pd product} {ergonomic}
    uintx ProfiledCodeHeapSize                     = 122909434                              {pd product} {ergonomic}
    uintx ReservedCodeCacheSize                    = 251658240                              {pd product} {ergonomic}
     bool SegmentedCodeCache                       = true                                      {product} {ergonomic}
   size_t SoftMaxHeapSize                          = 2147483648                             {manageable} {ergonomic}
     bool UseCompressedClassPointers               = true                           {product lp64_product} {ergonomic}
     bool UseCompressedOops                        = true                           {product lp64_product} {ergonomic}
     bool UseG1GC                                  = true                                      {product} {ergonomic}
     bool UseLargePagesIndividualAllocation        = false                                  {pd product} {ergonomic}

Logging:
Log output configuration:
 #0: stdout all=warning uptime,level,tags
 #1: stderr all=off uptime,level,tags

Environment Variables:
PATH=C:\Program Files (x86)\VMware\VMware Workstation\bin\;C:\Program Files\Common Files\Oracle\Java\javapath;C:\Program Files (x86)\Common Files\Oracle\Java\javapath;C:\ProgramData\Oracle\Java\javapath;C:\Windows\system32;C:\Windows;C:\Windows\System32\Wbem;C:\Windows\System32\WindowsPowerShell\v1.0\;C:\Windows\System32\OpenSSH\;C:\Program Files (x86)\NVIDIA Corporation\PhysX\Common;C:\Program Files\NVIDIA Corporation\NVIDIA NvDLISR;C:\bin;C:\Users\Zufarrifqi\AppData\Local\Programs\Python\Python39\Scripts;C:\Users\Zufarrifqi\AppData\Local\Programs\Python\Python39;C:\Program Files\dotnet\;C:\Program Files\Git\cmd;C:\Program Files\Go\bin;C:\WINDOWS\system32;C:\WINDOWS;C:\WINDOWS\System32\Wbem;C:\WINDOWS\System32\WindowsPowerShell\v1.0\;C:\WINDOWS\System32\OpenSSH\;C:\Program Files\NVIDIA Corporation\Nsight Compute 2022.2.0\;C:\Program Files\Cloudflare\Cloudflare WARP\;C:\Program Files\php\composer.bat;C:\xampp\php;C:\ProgramData\ComposerSetup\bin;C:\WINDOWS\system32;C:\WINDOWS;C:\WINDOWS\System32\Wbem;C:\WINDOWS\System32\WindowsPowerShell\v1.0\;C:\WINDOWS\System32\OpenSSH\;C:\Program Files\MySQL\MySQL Shell 8.0\bin\;C:\Users\Zufarrifqi\AppData\Local\Microsoft\WindowsApps;C:\Users\Zufarrifqi\AppData\Local\Programs\Microsoft VS Code\bin;C:\Users\Zufarrifqi\.dotnet\tools;C:\Users\Zufarrifqi\go\bin;C:\Users\Zufarrifqi\AppData\Local\GitHubDesktop\bin;C:\Program Files\NVIDIA GPU Computing Toolkit\CUDA\v11.7\bin;C:\Program Files\NVIDIA GPU Computing Toolkit\CUDA\v11.7\libnvvp;C:\xampp\php;C:\Users\Zufarrifqi\AppData\Roaming\Composer\vendor\bin;C:\Users\Zufarrifqi\AppData\Local\JetBrains\Toolbox\scripts;
USERNAME=Zufarrifqi
OS=Windows_NT
PROCESSOR_IDENTIFIER=Intel64 Family 6 Model 165 Stepping 2, GenuineIntel



---------------  S Y S T E M  ---------------

OS:
 Windows 10 , 64 bit Build 22621 (10.0.22621.1635)
OS uptime: 2 days 6:53 hours

CPU: total 8 (initial active 8) (4 cores per cpu, 2 threads per core) family 6 model 165 stepping 2 microcode 0xea, cx8, cmov, fxsr, ht, mmx, 3dnowpref, sse, sse2, sse3, ssse3, sse4.1, sse4.2, popcnt, lzcnt, tsc, tscinvbit, avx, avx2, aes, erms, clmul, bmi1, bmi2, adx, fma, vzeroupper, clflush, clflushopt

Memory: 4k page, system-wide physical 8059M (211M free)
TotalPageFile size 32635M (AvailPageFile size 0M)
current process WorkingSet (physical memory assigned to process): 186M, peak: 236M
current process commit charge ("private bytes"): 254M, peak: 292M

vm_info: OpenJDK 64-Bit Server VM (17+35-2724) for windows-amd64 JRE (17+35-2724), built on Aug  5 2021 23:26:02 by "mach5one" with MS VC++ 16.8 (VS2019)

END.
